Using pre-set license
Built from '2020.3/release' branch; Version is '2020.3.1f1 (77a89f25062f) revision 7841951'; Using compiler version '192528614'; Build Type 'Release'
OS: 'Windows 10 Home; OS build 19042.1110; Version 2009; 64bit' Language: 'en' Physical Memory: 7645 MB
BatchMode: 1, IsHumanControllingUs: 0, StartBugReporterOnCrash: 0, Is64bit: 1, IsPro: 0

 COMMAND LINE ARGUMENTS:
C:\Program Files\Unity\Hub\Editor\2020.3.1f1\Editor\Unity.exe
-adb2
-batchMode
-noUpm
-name
AssetImportWorker0
-projectPath
C:/Users/Malachai/Documents/Unity/Projects/Drivey Car
-logFile
Logs/AssetImportWorker0.log
-srvPort
53994
Successfully changed project path to: C:/Users/Malachai/Documents/Unity/Projects/Drivey Car
C:/Users/Malachai/Documents/Unity/Projects/Drivey Car
Using Asset Import Pipeline V2.
Refreshing native plugins compatible for Editor in 160.05 ms, found 0 plugins.
Preloading 0 native plugins for Editor in 0.00 ms.
Initialize engine version: 2020.3.1f1 (77a89f25062f)
[Subsystems] Discovering subsystems at path C:/Program Files/Unity/Hub/Editor/2020.3.1f1/Editor/Data/Resources/UnitySubsystems
[Subsystems] Discovering subsystems at path C:/Users/Malachai/Documents/Unity/Projects/Drivey Car/Assets
GfxDevice: creating device client; threaded=0
Direct3D:
    Version:  Direct3D 11.0 [level 11.1]
    Renderer: Radeon(TM) 530 (ID=0x6900)
    Vendor:   
    VRAM:     2038 MB
    Driver:   27.20.15002.8001
Initialize mono
Mono path[0] = 'C:/Program Files/Unity/Hub/Editor/2020.3.1f1/Editor/Data/Managed'
Mono path[1] = 'C:/Program Files/Unity/Hub/Editor/2020.3.1f1/Editor/Data/MonoBleedingEdge/lib/mono/unityjit'
Mono config path = 'C:/Program Files/Unity/Hub/Editor/2020.3.1f1/Editor/Data/MonoBleedingEdge/etc'
Using monoOptions --debugger-agent=transport=dt_socket,embedding=1,server=y,suspend=n,address=127.0.0.1:56120
Begin MonoManager ReloadAssembly
Registering precompiled unity dll's ...
Register platform support module: C:/Program Files/Unity/Hub/Editor/2020.3.1f1/Editor/Data/PlaybackEngines/WebGLSupport/UnityEditor.WebGL.Extensions.dll
Register platform support module: C:/Program Files/Unity/Hub/Editor/2020.3.1f1/Editor/Data/PlaybackEngines/WindowsStandaloneSupport/UnityEditor.WindowsStandalone.Extensions.dll
Registered in 0.012313 seconds.
Native extension for WindowsStandalone target not found
Native extension for WebGL target not found
Refreshing native plugins compatible for Editor in 99.61 ms, found 0 plugins.
Preloading 0 native plugins for Editor in 0.00 ms.
Invoked RoslynAnalysisRunner static constructor.
RoslynAnalysisRunner will not be running.
RoslynAnalysisRunner has terminated.
Mono: successfully reloaded assembly
- Completed reload, in  6.692 seconds
Platform modules already initialized, skipping
Registering precompiled user dll's ...
Registered in 0.002801 seconds.
Begin MonoManager ReloadAssembly
Native extension for WindowsStandalone target not found
Native extension for WebGL target not found
Refreshing native plugins compatible for Editor in 137.16 ms, found 0 plugins.
Preloading 0 native plugins for Editor in 0.00 ms.
Invoked RoslynAnalysisRunner static constructor.
RoslynAnalysisRunner will not be running.
RoslynAnalysisRunner has terminated.
Mono: successfully reloaded assembly
- Completed reload, in  4.028 seconds
Platform modules already initialized, skipping
========================================================================
Worker process is ready to serve import requests
Launched and connected shader compiler UnityShaderCompiler.exe after 0.20 seconds
Refreshing native plugins compatible for Editor in 0.59 ms, found 0 plugins.
Preloading 0 native plugins for Editor in 0.00 ms.
Unloading 1401 Unused Serialized files (Serialized files now loaded: 0)
System memory in use before: 82.6 MB.
System memory in use after: 82.7 MB.

Unloading 10 unused Assets to reduce memory usage. Loaded Objects now: 1869.
Total: 5.090000 ms (FindLiveObjects: 0.494600 ms CreateObjectMapping: 0.201100 ms MarkObjects: 3.798100 ms  DeleteObjects: 0.592800 ms)

========================================================================
Received Import Request.
  path: Assets/Textures/pixil-frame-0 (9).png
  artifactKey: Guid(358aed2162926c9469f0457021c363db) Importer(815301076,1909f56bfc062723c751e8b465ee728b)
Start importing Assets/Textures/pixil-frame-0 (9).png using Guid(358aed2162926c9469f0457021c363db) Importer(815301076,1909f56bfc062723c751e8b465ee728b)  -> (artifact id: '2f1fbe7c24ef808bfe8586a05c80c26e') in 0.413022 seconds
  Import took 0.418651 seconds .

========================================================================
Received Import Request.
  Time since last request: 0.000608 seconds.
  path: Assets/Textures/NewLayer 1.terrainlayer
  artifactKey: Guid(f4a5b9c7483e1584caabee3704953b20) Importer(815301076,1909f56bfc062723c751e8b465ee728b)
Start importing Assets/Textures/NewLayer 1.terrainlayer using Guid(f4a5b9c7483e1584caabee3704953b20) Importer(815301076,1909f56bfc062723c751e8b465ee728b)  -> (artifact id: 'e74d73eb7d63b51b8920965192fd9c48') in 0.180756 seconds
  Import took 0.186994 seconds .

========================================================================
Received Import Request.
  Time since last request: 0.000581 seconds.
  path: Assets/Textures/NewLayer.terrainlayer
  artifactKey: Guid(8037bcccb41e5cf4d85217d168b6fd54) Importer(815301076,1909f56bfc062723c751e8b465ee728b)
Start importing Assets/Textures/NewLayer.terrainlayer using Guid(8037bcccb41e5cf4d85217d168b6fd54) Importer(815301076,1909f56bfc062723c751e8b465ee728b)  -> (artifact id: '03878bcb9ef708d84979eb92996c50fb') in 0.027174 seconds
  Import took 0.089958 seconds .

========================================================================
Received Import Request.
  Time since last request: 0.000494 seconds.
  path: Assets/Textures/pixil-frame-0 (5).png
  artifactKey: Guid(f513ce05a4f453640ac74bac75d1fa1b) Importer(815301076,1909f56bfc062723c751e8b465ee728b)
Start importing Assets/Textures/pixil-frame-0 (5).png using Guid(f513ce05a4f453640ac74bac75d1fa1b) Importer(815301076,1909f56bfc062723c751e8b465ee728b)  -> (artifact id: 'f99740fd4cac97b2e97c643bfef84428') in 0.064606 seconds
  Import took 0.069596 seconds .

========================================================================
Received Import Request.
  Time since last request: 0.000687 seconds.
  path: Assets/Textures/Soccer Ball Normal Map.png
  artifactKey: Guid(a0d8751da35d5344ea4738f6a8227a0d) Importer(815301076,1909f56bfc062723c751e8b465ee728b)
Start importing Assets/Textures/Soccer Ball Normal Map.png using Guid(a0d8751da35d5344ea4738f6a8227a0d) Importer(815301076,1909f56bfc062723c751e8b465ee728b)  -> (artifact id: 'ed1e156dcd378808ac322a6f0d121d4e') in 0.092035 seconds
  Import took 0.098343 seconds .

========================================================================
Received Import Request.
  Time since last request: 0.000842 seconds.
  path: Assets/Textures/road.jpg
  artifactKey: Guid(9e686a025871de24a9cedbcd176eaaae) Importer(815301076,1909f56bfc062723c751e8b465ee728b)
Start importing Assets/Textures/road.jpg using Guid(9e686a025871de24a9cedbcd176eaaae) Importer(815301076,1909f56bfc062723c751e8b465ee728b)  -> (artifact id: '3f99a8fe8f89d9a7d063971f06b69e32') in 0.076493 seconds
  Import took 0.082219 seconds .

========================================================================
Received Import Request.
  Time since last request: 0.001174 seconds.
  path: Assets/Textures/Free_Car_Texture_Atlas.png
  artifactKey: Guid(8c508eea1762dd44cbf66593e03a6b04) Importer(815301076,1909f56bfc062723c751e8b465ee728b)
Start importing Assets/Textures/Free_Car_Texture_Atlas.png using Guid(8c508eea1762dd44cbf66593e03a6b04) Importer(815301076,1909f56bfc062723c751e8b465ee728b)  -> (artifact id: '2c8d9641b182c6d2ce2a7703ae844971') in 0.068566 seconds
  Import took 0.073899 seconds .

========================================================================
Received Import Request.
  Time since last request: 62.999722 seconds.
  path: Assets/Scenes/Race Scene.unity
  artifactKey: Guid(9fc0d4010bbf28b4594072e72b8655ab) Importer(815301076,1909f56bfc062723c751e8b465ee728b)
Start importing Assets/Scenes/Race Scene.unity using Guid(9fc0d4010bbf28b4594072e72b8655ab) Importer(815301076,1909f56bfc062723c751e8b465ee728b)  -> (artifact id: '3a8cf2c3d7dd29f83d7879ae53797e3f') in 0.020221 seconds
  Import took 0.024980 seconds .

========================================================================
Received Import Request.
  Time since last request: 0.025759 seconds.
  path: Assets/Scenes/Race Scene.unity
  artifactKey: Guid(9fc0d4010bbf28b4594072e72b8655ab) Importer(815301076,1909f56bfc062723c751e8b465ee728b)
Start importing Assets/Scenes/Race Scene.unity using Guid(9fc0d4010bbf28b4594072e72b8655ab) Importer(815301076,1909f56bfc062723c751e8b465ee728b)  -> (artifact id: '3a8cf2c3d7dd29f83d7879ae53797e3f') in 0.013092 seconds
  Import took 0.018391 seconds .

========================================================================
Received Import Request.
  Time since last request: 18.927957 seconds.
  path: Assets/Scenes/SampleScene
  artifactKey: Guid(0c19839730be76348a6e0a5f7c36c4e0) Importer(815301076,1909f56bfc062723c751e8b465ee728b)
Start importing Assets/Scenes/SampleScene using Guid(0c19839730be76348a6e0a5f7c36c4e0) Importer(815301076,1909f56bfc062723c751e8b465ee728b)  -> (artifact id: '4d956dcb217fa98345b5fe70eba2963b') in 0.025043 seconds
  Import took 0.030103 seconds .

========================================================================
Received Import Request.
  Time since last request: 6.009138 seconds.
  path: Assets/Settings/InputSystem.inputsettings.asset
  artifactKey: Guid(72d9cf72ead5edb49ac95f087e54ca52) Importer(815301076,1909f56bfc062723c751e8b465ee728b)
Start importing Assets/Settings/InputSystem.inputsettings.asset using Guid(72d9cf72ead5edb49ac95f087e54ca52) Importer(815301076,1909f56bfc062723c751e8b465ee728b)  -> (artifact id: 'd8565117e0c90bbacfb87d0b83eb8a9e') in 0.015036 seconds
  Import took 0.022418 seconds .

========================================================================
Received Import Request.
  Time since last request: 2.618999 seconds.
  path: Assets/Prefabs/Chase Bot.prefab
  artifactKey: Guid(7d7233e6ae273444bae8c5ed0f6cfcae) Importer(815301076,1909f56bfc062723c751e8b465ee728b)
Start importing Assets/Prefabs/Chase Bot.prefab using Guid(7d7233e6ae273444bae8c5ed0f6cfcae) Importer(815301076,1909f56bfc062723c751e8b465ee728b)  -> (artifact id: '2b246ad044a63f31473597227182b570') in 0.129182 seconds
  Import took 0.135044 seconds .

========================================================================
Received Import Request.
  Time since last request: 0.000624 seconds.
  path: Assets/Prefabs/Race Bot.prefab
  artifactKey: Guid(23a43eab18cfec340b15d185c2393b2f) Importer(815301076,1909f56bfc062723c751e8b465ee728b)
Start importing Assets/Prefabs/Race Bot.prefab using Guid(23a43eab18cfec340b15d185c2393b2f) Importer(815301076,1909f56bfc062723c751e8b465ee728b)  -> (artifact id: 'c6e71eb709ac8497499089e43501d3d9') in 0.090791 seconds
  Import took 0.096447 seconds .

========================================================================
Received Import Request.
  Time since last request: 0.000354 seconds.
  path: Assets/Prefabs/Soccer Ball.prefab
  artifactKey: Guid(ec3e8f3ed27e2244caaedaf589590a03) Importer(815301076,1909f56bfc062723c751e8b465ee728b)
Start importing Assets/Prefabs/Soccer Ball.prefab using Guid(ec3e8f3ed27e2244caaedaf589590a03) Importer(815301076,1909f56bfc062723c751e8b465ee728b)  -> (artifact id: 'bb773e393b36a39d9affdaa289d58e36') in 0.091392 seconds
  Import took 0.099342 seconds .

========================================================================
Received Import Request.
  Time since last request: 0.001568 seconds.
  path: Assets/Prefabs/Ground.prefab
  artifactKey: Guid(35c2243d26369e543ae00f6682edd61f) Importer(815301076,1909f56bfc062723c751e8b465ee728b)
Start importing Assets/Prefabs/Ground.prefab using Guid(35c2243d26369e543ae00f6682edd61f) Importer(815301076,1909f56bfc062723c751e8b465ee728b)  -> (artifact id: '1995677fff9e35b277ded9a67474c881') in 0.071517 seconds
  Import took 0.076701 seconds .

========================================================================
Received Import Request.
  Time since last request: 0.000628 seconds.
  path: Assets/Prefabs/Free_Racing_Car_Blue.prefab
  artifactKey: Guid(6dfc700a1205ddf49b448178a2b00e98) Importer(815301076,1909f56bfc062723c751e8b465ee728b)
Start importing Assets/Prefabs/Free_Racing_Car_Blue.prefab using Guid(6dfc700a1205ddf49b448178a2b00e98) Importer(815301076,1909f56bfc062723c751e8b465ee728b)  -> (artifact id: 'c518ad7613b112244324aaa8643360f4') in 0.079363 seconds
  Import took 0.089971 seconds .

========================================================================
Received Import Request.
  Time since last request: 0.000762 seconds.
  path: Assets/Prefabs/Player .prefab
  artifactKey: Guid(0a1a2efb491fa3b44ab672ea0df7a20d) Importer(815301076,1909f56bfc062723c751e8b465ee728b)
Start importing Assets/Prefabs/Player .prefab using Guid(0a1a2efb491fa3b44ab672ea0df7a20d) Importer(815301076,1909f56bfc062723c751e8b465ee728b)  -> (artifact id: '510710c672d5bbd711cc0d33af6e8bf4') in 0.133500 seconds
  Import took 0.139947 seconds .

========================================================================
Received Import Request.
  Time since last request: 0.000640 seconds.
  path: Assets/Models/long track.blend
  artifactKey: Guid(aa91d7a1441347742a24005076d3395e) Importer(815301076,1909f56bfc062723c751e8b465ee728b)
Start importing Assets/Models/long track.blend using Guid(aa91d7a1441347742a24005076d3395e) Importer(815301076,1909f56bfc062723c751e8b465ee728b)  -> (artifact id: 'bf82f48b4a4d9e85845272fffb0e1dab') in 0.242989 seconds
  Import took 0.249315 seconds .

========================================================================
Received Import Request.
  Time since last request: 0.000629 seconds.
  path: Assets/Models/car.blend
  artifactKey: Guid(f9c634a1fd8d6c94d98364c92eca37a2) Importer(815301076,1909f56bfc062723c751e8b465ee728b)
Start importing Assets/Models/car.blend using Guid(f9c634a1fd8d6c94d98364c92eca37a2) Importer(815301076,1909f56bfc062723c751e8b465ee728b)  -> (artifact id: '4a3db10ff6abdb6aa27e49d4f5020267') in 0.122791 seconds
  Import took 0.127998 seconds .

========================================================================
Received Import Request.
  Time since last request: 0.000639 seconds.
  path: Assets/Models/Soccer Ball Mesh.fbx
  artifactKey: Guid(58119f7e9f45c2944a0b18dd33378ffd) Importer(815301076,1909f56bfc062723c751e8b465ee728b)
Start importing Assets/Models/Soccer Ball Mesh.fbx using Guid(58119f7e9f45c2944a0b18dd33378ffd) Importer(815301076,1909f56bfc062723c751e8b465ee728b)  -> (artifact id: 'd9b7dd309dc5ac6242ec79b414a8d43c') in 0.148234 seconds
  Import took 0.153724 seconds .

========================================================================
Received Import Request.
  Time since last request: 0.000668 seconds.
  path: Assets/Prefabs/Free_Racing_Car_Blue.prefab
  artifactKey: Guid(6dfc700a1205ddf49b448178a2b00e98) Importer(815301076,1909f56bfc062723c751e8b465ee728b)
Start importing Assets/Prefabs/Free_Racing_Car_Blue.prefab using Guid(6dfc700a1205ddf49b448178a2b00e98) Importer(815301076,1909f56bfc062723c751e8b465ee728b)  -> (artifact id: 'c518ad7613b112244324aaa8643360f4') in 0.069730 seconds
  Import took 0.079489 seconds .

========================================================================
Received Import Request.
  Time since last request: 0.000686 seconds.
  path: Assets/Models/Pocket League Stadium.blend
  artifactKey: Guid(166c49cc0c1840f4aac764376770ea11) Importer(815301076,1909f56bfc062723c751e8b465ee728b)
Start importing Assets/Models/Pocket League Stadium.blend using Guid(166c49cc0c1840f4aac764376770ea11) Importer(815301076,1909f56bfc062723c751e8b465ee728b)  -> (artifact id: '0d12547709aba84b8929c09209088c1c') in 0.134748 seconds
  Import took 0.140323 seconds .

========================================================================
Received Import Request.
  Time since last request: 0.000810 seconds.
  path: Assets/Materials/Beacon.mat
  artifactKey: Guid(df2ef3328ca116b438c5cb155ade54a6) Importer(815301076,1909f56bfc062723c751e8b465ee728b)
Start importing Assets/Materials/Beacon.mat using Guid(df2ef3328ca116b438c5cb155ade54a6) Importer(815301076,1909f56bfc062723c751e8b465ee728b)  -> (artifact id: '7e045ba11845caa1f836de9ed62cbd5c') in 0.083989 seconds
  Import took 0.089701 seconds .

========================================================================
Received Import Request.
  Time since last request: 0.000507 seconds.
  path: Assets/Materials/Blue.mat
  artifactKey: Guid(46ea8388fd8945748a895ceae13e56eb) Importer(815301076,1909f56bfc062723c751e8b465ee728b)
Start importing Assets/Materials/Blue.mat using Guid(46ea8388fd8945748a895ceae13e56eb) Importer(815301076,1909f56bfc062723c751e8b465ee728b)  -> (artifact id: '9610dd47dfc14d93ca9ede8d2e5edd3b') in 0.064250 seconds
  Import took 0.073875 seconds .

========================================================================
Received Import Request.
  Time since last request: 0.000686 seconds.
  path: Assets/Materials/Black-Ball-Material.mat
  artifactKey: Guid(fb69c479c3cec624b96dfe20d305c1b9) Importer(815301076,1909f56bfc062723c751e8b465ee728b)
Start importing Assets/Materials/Black-Ball-Material.mat using Guid(fb69c479c3cec624b96dfe20d305c1b9) Importer(815301076,1909f56bfc062723c751e8b465ee728b)  -> (artifact id: '5315451af5ea399a537acc589cf780d5') in 0.050133 seconds
  Import took 0.060272 seconds .

========================================================================
Received Import Request.
  Time since last request: 0.005841 seconds.
  path: Assets/Models/track 5.blend
  artifactKey: Guid(e87b5248b602a4148a1a306c4bcfcd5d) Importer(815301076,1909f56bfc062723c751e8b465ee728b)
Start importing Assets/Models/track 5.blend using Guid(e87b5248b602a4148a1a306c4bcfcd5d) Importer(815301076,1909f56bfc062723c751e8b465ee728b)  -> (artifact id: '33be72be5947f711edc19d13d40e6755') in 0.119883 seconds
  Import took 0.129489 seconds .

========================================================================
Received Import Request.
  Time since last request: 0.000530 seconds.
  path: Assets/Materials/Football.mat
  artifactKey: Guid(50f117ba0ea4c2245828d52b0267b770) Importer(815301076,1909f56bfc062723c751e8b465ee728b)
Start importing Assets/Materials/Football.mat using Guid(50f117ba0ea4c2245828d52b0267b770) Importer(815301076,1909f56bfc062723c751e8b465ee728b)  -> (artifact id: '6902a87effcf51d1066920d4ccead24f') in 0.052030 seconds
  Import took 0.063222 seconds .

========================================================================
Received Import Request.
  Time since last request: 0.000358 seconds.
  path: Assets/Materials/Red.mat
  artifactKey: Guid(e3879f2c2d271424aa4a29a6d95fe5c3) Importer(815301076,1909f56bfc062723c751e8b465ee728b)
Start importing Assets/Materials/Red.mat using Guid(e3879f2c2d271424aa4a29a6d95fe5c3) Importer(815301076,1909f56bfc062723c751e8b465ee728b)  -> (artifact id: '016e4753a349ea23ee1beeac718376dc') in 0.055582 seconds
  Import took 0.067231 seconds .

========================================================================
Received Import Request.
  Time since last request: 0.000448 seconds.
  path: Assets/Models/wheel.blend
  artifactKey: Guid(4f9341f51929750438a19e11d6cd9c83) Importer(815301076,1909f56bfc062723c751e8b465ee728b)
Start importing Assets/Models/wheel.blend using Guid(4f9341f51929750438a19e11d6cd9c83) Importer(815301076,1909f56bfc062723c751e8b465ee728b)  -> (artifact id: '90f0bbe74777a148cc1eb4e9522a1dd8') in 0.093191 seconds
  Import took 0.099675 seconds .

========================================================================
Received Import Request.
  Time since last request: 0.000583 seconds.
  path: Assets/Materials/Green.mat
  artifactKey: Guid(d442312520b7f4b499b31673b3811ecb) Importer(815301076,1909f56bfc062723c751e8b465ee728b)
Start importing Assets/Materials/Green.mat using Guid(d442312520b7f4b499b31673b3811ecb) Importer(815301076,1909f56bfc062723c751e8b465ee728b)  -> (artifact id: 'a924eca364e33921ced55afe06bb7605') in 0.052594 seconds
  Import took 0.059055 seconds .

========================================================================
Received Import Request.
  Time since last request: 0.000180 seconds.
  path: Assets/Models/track 4.blend
  artifactKey: Guid(d3005499c64592949baeaf96413bb313) Importer(815301076,1909f56bfc062723c751e8b465ee728b)
Start importing Assets/Models/track 4.blend using Guid(d3005499c64592949baeaf96413bb313) Importer(815301076,1909f56bfc062723c751e8b465ee728b)  -> (artifact id: 'cd7c6ed16ec62b797cd2d07949822358') in 0.120883 seconds
  Import took 0.131530 seconds .

========================================================================
Received Import Request.
  Time since last request: 0.000671 seconds.
  path: Assets/Materials/Grey.mat
  artifactKey: Guid(a40f573258683fe438f781d3e077115c) Importer(815301076,1909f56bfc062723c751e8b465ee728b)
Start importing Assets/Materials/Grey.mat using Guid(a40f573258683fe438f781d3e077115c) Importer(815301076,1909f56bfc062723c751e8b465ee728b)  -> (artifact id: '37c750424863ce53f093940f8c471553') in 0.032901 seconds
  Import took 0.075376 seconds .

========================================================================
Received Import Request.
  Time since last request: 0.000518 seconds.
  path: Assets/Materials/White-Ball-Material.mat
  artifactKey: Guid(cff0f8a4e9c85a045be6d610d20b87b3) Importer(815301076,1909f56bfc062723c751e8b465ee728b)
Start importing Assets/Materials/White-Ball-Material.mat using Guid(cff0f8a4e9c85a045be6d610d20b87b3) Importer(815301076,1909f56bfc062723c751e8b465ee728b)  -> (artifact id: '4d2ae19a6764b8447cafecc676adb38f') in 0.066594 seconds
  Import took 0.072020 seconds .

========================================================================
Received Import Request.
  Time since last request: 0.000629 seconds.
  path: Assets/Models/DeLorean.blend
  artifactKey: Guid(a734ede550713ee42b194dcb0ac4f1ac) Importer(815301076,1909f56bfc062723c751e8b465ee728b)
Start importing Assets/Models/DeLorean.blend using Guid(a734ede550713ee42b194dcb0ac4f1ac) Importer(815301076,1909f56bfc062723c751e8b465ee728b)  -> (artifact id: '326bc3220cdd3c7ef03459163b60134f') in 0.094926 seconds
  Import took 0.101587 seconds .

========================================================================
Received Import Request.
  Time since last request: 0.000969 seconds.
  path: Assets/Models/car track 1.blend
  artifactKey: Guid(cd3618b2441abf349b7ec67722e7eeb6) Importer(815301076,1909f56bfc062723c751e8b465ee728b)
Start importing Assets/Models/car track 1.blend using Guid(cd3618b2441abf349b7ec67722e7eeb6) Importer(815301076,1909f56bfc062723c751e8b465ee728b)  -> (artifact id: '713e0d15e0308fdaff05984b5f33c868') in 0.106520 seconds
  Import took 0.112745 seconds .

========================================================================
Received Import Request.
  Time since last request: 0.000514 seconds.
  path: Assets/Materials/pixil-frame-0 (9).mat
  artifactKey: Guid(183a3528cec8cda4cbe9ad9576b2d150) Importer(815301076,1909f56bfc062723c751e8b465ee728b)
Start importing Assets/Materials/pixil-frame-0 (9).mat using Guid(183a3528cec8cda4cbe9ad9576b2d150) Importer(815301076,1909f56bfc062723c751e8b465ee728b)  -> (artifact id: '45810d5855c70f352f1ac7f7e6fbc168') in 0.059693 seconds
  Import took 0.066506 seconds .

========================================================================
Received Import Request.
  Time since last request: 0.000518 seconds.
  path: Assets/Models/Free_Racing_Car_Blue.fbx
  artifactKey: Guid(1f768f0d5a5dc9e48941608a2f58f511) Importer(815301076,1909f56bfc062723c751e8b465ee728b)
Start importing Assets/Models/Free_Racing_Car_Blue.fbx using Guid(1f768f0d5a5dc9e48941608a2f58f511) Importer(815301076,1909f56bfc062723c751e8b465ee728b)  -> (artifact id: '2737c9df7b86d7f1ad1c41841e197f79') in 0.161961 seconds
  Import took 0.169298 seconds .

========================================================================
Received Import Request.
  Time since last request: 0.000527 seconds.
  path: Assets/Materials/Checkpoint.mat
  artifactKey: Guid(6a2b11581656ab5408ed38438132de7c) Importer(815301076,1909f56bfc062723c751e8b465ee728b)
Start importing Assets/Materials/Checkpoint.mat using Guid(6a2b11581656ab5408ed38438132de7c) Importer(815301076,1909f56bfc062723c751e8b465ee728b)  -> (artifact id: '1ee0f611245cd404899cbfb861f0e38a') in 0.035051 seconds
  Import took 0.043305 seconds .

========================================================================
Received Import Request.
  Time since last request: 0.000869 seconds.
  path: Assets/Materials/Free_Car_Texture_Atlas_Lights.mat
  artifactKey: Guid(ab035d7682921704a9015ac353311d57) Importer(815301076,1909f56bfc062723c751e8b465ee728b)
Start importing Assets/Materials/Free_Car_Texture_Atlas_Lights.mat using Guid(ab035d7682921704a9015ac353311d57) Importer(815301076,1909f56bfc062723c751e8b465ee728b)  -> (artifact id: '1025586ddeb1a569c7aed1e134c54579') in 0.046644 seconds
  Import took 0.059425 seconds .

========================================================================
Received Import Request.
  Time since last request: 0.002772 seconds.
  path: Assets/Models/car track.blend
  artifactKey: Guid(9fea42362a8200a4d9ff47a6f0cccd20) Importer(815301076,1909f56bfc062723c751e8b465ee728b)
Start importing Assets/Models/car track.blend using Guid(9fea42362a8200a4d9ff47a6f0cccd20) Importer(815301076,1909f56bfc062723c751e8b465ee728b)  -> (artifact id: '56cddcf868c68e8d11412a2eed2dace5') in 0.133083 seconds
  Import took 0.165609 seconds .

========================================================================
Received Import Request.
  Time since last request: 0.000566 seconds.
  path: Assets/Materials/Free_Car_Texture_Atlas.mat
  artifactKey: Guid(07f44fe3e9c462146a7769b976c50ec4) Importer(815301076,1909f56bfc062723c751e8b465ee728b)
Start importing Assets/Materials/Free_Car_Texture_Atlas.mat using Guid(07f44fe3e9c462146a7769b976c50ec4) Importer(815301076,1909f56bfc062723c751e8b465ee728b)  -> (artifact id: '73d20de001f9dc93db967474bc05d7b4') in 0.063474 seconds
  Import took 0.069803 seconds .

========================================================================
Received Import Request.
  Time since last request: 0.000639 seconds.
  path: Assets/Materials/GoalEntrance.mat
  artifactKey: Guid(829979c00ebdd984f82bcb3c1f2ef16f) Importer(815301076,1909f56bfc062723c751e8b465ee728b)
Start importing Assets/Materials/GoalEntrance.mat using Guid(829979c00ebdd984f82bcb3c1f2ef16f) Importer(815301076,1909f56bfc062723c751e8b465ee728b)  -> (artifact id: '9088e501a635692eef513dc784bf6831') in 0.065927 seconds
  Import took 0.078639 seconds .

========================================================================
Received Import Request.
  Time since last request: 4.905441 seconds.
  path: Assets/Scripts/AITeacher.cs
  artifactKey: Guid(489ad9412a2fcbd4fb5835440456a1db) Importer(815301076,1909f56bfc062723c751e8b465ee728b)
Start importing Assets/Scripts/AITeacher.cs using Guid(489ad9412a2fcbd4fb5835440456a1db) Importer(815301076,1909f56bfc062723c751e8b465ee728b)  -> (artifact id: 'fbb51dde32ff9010dbfbe3d9c3b7d38c') in 0.109412 seconds
  Import took 0.116003 seconds .

========================================================================
Received Import Request.
  Time since last request: 40.793927 seconds.
  path: Assets/Scripts/SaveSystem.cs
  artifactKey: Guid(fd2bc37a61d371942b23285fedda50b2) Importer(815301076,1909f56bfc062723c751e8b465ee728b)
Start importing Assets/Scripts/SaveSystem.cs using Guid(fd2bc37a61d371942b23285fedda50b2) Importer(815301076,1909f56bfc062723c751e8b465ee728b)  -> (artifact id: '93de3b284880efe227c0dd7ea792a47e') in 0.011241 seconds
  Import took 0.019444 seconds .

========================================================================
Received Import Request.
  Time since last request: 0.001268 seconds.
  path: Assets/Scripts/SaveSystem.cs
  artifactKey: Guid(fd2bc37a61d371942b23285fedda50b2) Importer(815301076,1909f56bfc062723c751e8b465ee728b)
Start importing Assets/Scripts/SaveSystem.cs using Guid(fd2bc37a61d371942b23285fedda50b2) Importer(815301076,1909f56bfc062723c751e8b465ee728b)  -> (artifact id: '93de3b284880efe227c0dd7ea792a47e') in 0.013774 seconds
  Import took 0.030800 seconds .

========================================================================
Received Import Request.
  Time since last request: 8.231531 seconds.
  path: Assets/Scripts
  artifactKey: Guid(f476f92a75338554eb69c3bfc9a41067) Importer(815301076,1909f56bfc062723c751e8b465ee728b)
Start importing Assets/Scripts using Guid(f476f92a75338554eb69c3bfc9a41067) Importer(815301076,1909f56bfc062723c751e8b465ee728b)  -> (artifact id: '0e7dca3f57a31da7167c27794f73ae13') in 0.019295 seconds
  Import took 0.026308 seconds .

========================================================================
Received Import Request.
  Time since last request: 9.500474 seconds.
  path: Assets/Scripts/TrainAI.cs
  artifactKey: Guid(afa03e1e643d65446a8b8cab713deda8) Importer(815301076,1909f56bfc062723c751e8b465ee728b)
Start importing Assets/Scripts/TrainAI.cs using Guid(afa03e1e643d65446a8b8cab713deda8) Importer(815301076,1909f56bfc062723c751e8b465ee728b)  -> (artifact id: '0e8f8b7b8a94b94c4b7c1310d46f7c6d') in 0.008639 seconds
  Import took 0.017177 seconds .

========================================================================
Received Prepare
Registering precompiled user dll's ...
Registered in 0.002341 seconds.
Begin MonoManager ReloadAssembly
Native extension for WindowsStandalone target not found
Native extension for WebGL target not found
Refreshing native plugins compatible for Editor in 0.57 ms, found 0 plugins.
Preloading 0 native plugins for Editor in 0.00 ms.
Invoked RoslynAnalysisRunner static constructor.
RoslynAnalysisRunner will not be running.
RoslynAnalysisRunner has terminated.
Mono: successfully reloaded assembly
- Completed reload, in 42.472 seconds
Platform modules already initialized, skipping
Refreshing native plugins compatible for Editor in 0.63 ms, found 0 plugins.
Preloading 0 native plugins for Editor in 0.00 ms.
Unloading 1395 Unused Serialized files (Serialized files now loaded: 0)
System memory in use before: 86.5 MB.
System memory in use after: 86.6 MB.

Unloading 4 unused Assets to reduce memory usage. Loaded Objects now: 1923.
Total: 6.672500 ms (FindLiveObjects: 0.417500 ms CreateObjectMapping: 0.240900 ms MarkObjects: 5.956500 ms  DeleteObjects: 0.053700 ms)

========================================================================
Received Import Request.
  Time since last request: 337.834244 seconds.
  path: Assets/Scripts/TrainAI.cs
  artifactKey: Guid(afa03e1e643d65446a8b8cab713deda8) Importer(815301076,1909f56bfc062723c751e8b465ee728b)
Start importing Assets/Scripts/TrainAI.cs using Guid(afa03e1e643d65446a8b8cab713deda8) Importer(815301076,1909f56bfc062723c751e8b465ee728b)  -> (artifact id: 'd4dadfd2ed7e913dac9b8a21a05e674d') in 0.044922 seconds
  Import took 0.054222 seconds .

========================================================================
Received Import Request.
  Time since last request: 0.066924 seconds.
  path: Assets/Scripts/TrainAI.cs
  artifactKey: Guid(afa03e1e643d65446a8b8cab713deda8) Importer(815301076,1909f56bfc062723c751e8b465ee728b)
Start importing Assets/Scripts/TrainAI.cs using Guid(afa03e1e643d65446a8b8cab713deda8) Importer(815301076,1909f56bfc062723c751e8b465ee728b)  -> (artifact id: 'd4dadfd2ed7e913dac9b8a21a05e674d') in 0.021279 seconds
  Import took 0.035940 seconds .

========================================================================
Received Import Request.
  Time since last request: 35.441191 seconds.
  path: Assets/Scripts/Input
  artifactKey: Guid(e924697eb9f429846ba797b12f35008a) Importer(815301076,1909f56bfc062723c751e8b465ee728b)
Start importing Assets/Scripts/Input using Guid(e924697eb9f429846ba797b12f35008a) Importer(815301076,1909f56bfc062723c751e8b465ee728b)  -> (artifact id: 'c2bc86dc8ed41e73b935ea24da23174a') in 0.029316 seconds
  Import took 0.035637 seconds .

========================================================================
Received Import Request.
  Time since last request: 1.442676 seconds.
  path: Assets/Scripts/Input/User Input
  artifactKey: Guid(618f6ce5c2902fe4cad9d5a9084dfe47) Importer(815301076,1909f56bfc062723c751e8b465ee728b)
Start importing Assets/Scripts/Input/User Input using Guid(618f6ce5c2902fe4cad9d5a9084dfe47) Importer(815301076,1909f56bfc062723c751e8b465ee728b)  -> (artifact id: 'aaf3a093f9e4c1b769c591c180d1a1bf') in 0.019136 seconds
  Import took 0.026463 seconds .

========================================================================
Received Import Request.
  Time since last request: 1.016377 seconds.
  path: Assets/Scripts/Input/User Input/KeyboardInput.cs
  artifactKey: Guid(b191b431707323b44ad70d7d74ee8650) Importer(815301076,1909f56bfc062723c751e8b465ee728b)
Start importing Assets/Scripts/Input/User Input/KeyboardInput.cs using Guid(b191b431707323b44ad70d7d74ee8650) Importer(815301076,1909f56bfc062723c751e8b465ee728b)  -> (artifact id: '02e8d69dbe3bbd7b13fab0220bb5a281') in 0.020012 seconds
  Import took 0.034860 seconds .

========================================================================
Received Import Request.
  Time since last request: 3.244889 seconds.
  path: Assets/Scripts/Input/User Input/UserInput.cs
  artifactKey: Guid(b191b431707323b44ad70d7d74ee8650) Importer(815301076,1909f56bfc062723c751e8b465ee728b)
Start importing Assets/Scripts/Input/User Input/UserInput.cs using Guid(b191b431707323b44ad70d7d74ee8650) Importer(815301076,1909f56bfc062723c751e8b465ee728b)  -> (artifact id: 'be8f7dc11b17eee3ef7cca3ac07aa457') in 0.010083 seconds
  Import took 0.035243 seconds .

========================================================================
Received Prepare
Registering precompiled user dll's ...
Registered in 0.003643 seconds.
Begin MonoManager ReloadAssembly
Native extension for WindowsStandalone target not found
Native extension for WebGL target not found
Refreshing native plugins compatible for Editor in 0.49 ms, found 0 plugins.
Preloading 0 native plugins for Editor in 0.00 ms.
Invoked RoslynAnalysisRunner static constructor.
RoslynAnalysisRunner will not be running.
RoslynAnalysisRunner has terminated.
Mono: successfully reloaded assembly
- Completed reload, in  3.341 seconds
Platform modules already initialized, skipping
Refreshing native plugins compatible for Editor in 0.48 ms, found 0 plugins.
Preloading 0 native plugins for Editor in 0.00 ms.
Unloading 1395 Unused Serialized files (Serialized files now loaded: 0)
System memory in use before: 86.5 MB.
System memory in use after: 86.6 MB.

Unloading 3 unused Assets to reduce memory usage. Loaded Objects now: 1925.
Total: 10.429500 ms (FindLiveObjects: 0.746800 ms CreateObjectMapping: 1.409500 ms MarkObjects: 7.995400 ms  DeleteObjects: 0.254600 ms)

========================================================================
Received Prepare
Registering precompiled user dll's ...
Registered in 0.002977 seconds.
Begin MonoManager ReloadAssembly
Native extension for WindowsStandalone target not found
Native extension for WebGL target not found
Refreshing native plugins compatible for Editor in 0.48 ms, found 0 plugins.
Preloading 0 native plugins for Editor in 0.00 ms.
Invoked RoslynAnalysisRunner static constructor.
RoslynAnalysisRunner will not be running.
RoslynAnalysisRunner has terminated.
Mono: successfully reloaded assembly
- Completed reload, in  1.820 seconds
Platform modules already initialized, skipping
Refreshing native plugins compatible for Editor in 0.48 ms, found 0 plugins.
Preloading 0 native plugins for Editor in 0.00 ms.
Unloading 1395 Unused Serialized files (Serialized files now loaded: 0)
System memory in use before: 86.5 MB.
System memory in use after: 86.6 MB.

Unloading 3 unused Assets to reduce memory usage. Loaded Objects now: 1927.
Total: 4.314500 ms (FindLiveObjects: 0.438600 ms CreateObjectMapping: 0.084000 ms MarkObjects: 3.754200 ms  DeleteObjects: 0.033700 ms)

